<?xml version="1.0" encoding="UTF-8"?>
<!-- Generated by org.testng.reporters.JUnitReportReporter -->
<testsuite hostname="DESKTOP-OSHTVTC" failures="0" tests="1" name="com.myStore.testCases.BuyProductTest_TC" time="32.572" errors="0" timestamp="2024-08-17T18:53:50 IST" skipped="0">
  <testcase classname="com.myStore.testCases.BuyProductTest_TC" name="buyProduct" time="32.572"/>
  <system-out/>
</testsuite> <!-- com.myStore.testCases.BuyProductTest_TC -->
