<?xml version="1.0" encoding="UTF-8"?>
<!-- Generated by org.testng.reporters.JUnitReportReporter -->
<testsuite hostname="DESKTOP-OSHTVTC" failures="0" tests="1" name="com.myStore.testCases.SProductPageTest" time="10.905" errors="0" timestamp="2024-08-16T16:02:12 IST" skipped="0">
  <testcase classname="com.myStore.testCases.SProductPageTest" name="verifySearchProduct" time="10.905"/>
  <system-out/>
</testsuite> <!-- com.myStore.testCases.SProductPageTest -->
