<?xml version="1.0" encoding="UTF-8"?>
<!-- Generated by org.testng.reporters.JUnitReportReporter -->
<testsuite hostname="DESKTOP-OSHTVTC" failures="0" tests="1" name="com.myStore.testCases.TC_5LogOut" time="11.242" errors="0" timestamp="2024-08-17T19:22:22 IST" skipped="0">
  <testcase classname="com.myStore.testCases.TC_5LogOut" name="logOutOperation" time="11.242"/>
  <system-out/>
</testsuite> <!-- com.myStore.testCases.TC_5LogOut -->
