<?xml version="1.0" encoding="UTF-8"?>
<!-- Generated by org.testng.reporters.JUnitReportReporter -->
<testsuite hostname="DESKTOP-OSHTVTC" failures="0" tests="2" name="com.myStore.testCases.TC_01_MyAccountPageTest" time="8.986" errors="0" timestamp="2024-08-14T12:26:26 IST" skipped="1">
  <testcase classname="com.myStore.testCases.TC_01_MyAccountPageTest" name="verifyLogin" time="8.986"/>
  <system-out/>
  <testcase classname="com.myStore.testCases.TC_01_MyAccountPageTest" name="verifyUserRegistrationAndLogin">
    <skipped/>
  </testcase> <!-- verifyUserRegistrationAndLogin -->
  <system-out/>
</testsuite> <!-- com.myStore.testCases.TC_01_MyAccountPageTest -->
